<!DOCTYPE html PUBLIC "-//W3C//DTD XHTML 1.1//EN" "https://www.w3.org/TR/xhtml11/DTD/xhtml11.dtd">
<html xmlns="https://www.w3.org/1999/xhtml">
<head>
<meta http-equiv="content-type" content="text/html; charset=UTF-8"/>
<title>TestNG Report</title>
<style type="text/css">table {margin-bottom:10px;border-collapse:collapse;empty-cells:show}th,td {border:1px solid #009;padding:.25em .5em}th {vertical-align:bottom}td {vertical-align:top}table a {font-weight:bold}.stripe td {background-color: #E6EBF9}.num {text-align:right}.passedodd td {background-color: #3F3}.passedeven td {background-color: #0A0}.skippedodd td {background-color: #DDD}.skippedeven td {background-color: #CCC}.failedodd td,.attn {background-color: #F33}.failedeven td,.stripe .attn {background-color: #D00}.stacktrace {white-space:pre;font-family:monospace}.totop {font-size:85%;text-align:center;border-bottom:2px solid #000}.invisible {display:none}</style>
</head>
<body>
<table>
<tr><th>Test</th><th># Passed</th><th># Skipped</th><th># Retried</th><th># Failed</th><th>Time (ms)</th><th>Included Groups</th><th>Excluded Groups</th></tr>
<tr><th colspan="8">Default suite</th></tr>
<tr><td><a href="#t0">Default test</a></td><td class="num">43</td><td class="num">0</td><td class="num">0</td><td class="num attn">32</td><td class="num">96,160</td><td></td><td></td></tr>
</table>
<table id='summary'><thead><tr><th>Class</th><th>Method</th><th>Start</th><th>Time (ms)</th></tr></thead><tbody><tr><th colspan="4">Default suite</th></tr></tbody><tbody id="t0"><tr><th colspan="4">Default test &#8212; failed</th></tr><tr class="failedeven"><td rowspan="32">cucumber.Options.RunCucumberTests</td><td><a href="#m0">runScenario</a></td><td rowspan="32">1629797905616</td><td rowspan="32">1036</td></tr><tr class="failedeven"><td><a href="#m1">runScenario</a></td></tr><tr class="failedeven"><td><a href="#m2">runScenario</a></td></tr><tr class="failedeven"><td><a href="#m3">runScenario</a></td></tr><tr class="failedeven"><td><a href="#m4">runScenario</a></td></tr><tr class="failedeven"><td><a href="#m5">runScenario</a></td></tr><tr class="failedeven"><td><a href="#m6">runScenario</a></td></tr><tr class="failedeven"><td><a href="#m7">runScenario</a></td></tr><tr class="failedeven"><td><a href="#m8">runScenario</a></td></tr><tr class="failedeven"><td><a href="#m9">runScenario</a></td></tr><tr class="failedeven"><td><a href="#m10">runScenario</a></td></tr><tr class="failedeven"><td><a href="#m11">runScenario</a></td></tr><tr class="failedeven"><td><a href="#m12">runScenario</a></td></tr><tr class="failedeven"><td><a href="#m13">runScenario</a></td></tr><tr class="failedeven"><td><a href="#m14">runScenario</a></td></tr><tr class="failedeven"><td><a href="#m15">runScenario</a></td></tr><tr class="failedeven"><td><a href="#m16">runScenario</a></td></tr><tr class="failedeven"><td><a href="#m17">runScenario</a></td></tr><tr class="failedeven"><td><a href="#m18">runScenario</a></td></tr><tr class="failedeven"><td><a href="#m19">runScenario</a></td></tr><tr class="failedeven"><td><a href="#m20">runScenario</a></td></tr><tr class="failedeven"><td><a href="#m21">runScenario</a></td></tr><tr class="failedeven"><td><a href="#m22">runScenario</a></td></tr><tr class="failedeven"><td><a href="#m23">runScenario</a></td></tr><tr class="failedeven"><td><a href="#m24">runScenario</a></td></tr><tr class="failedeven"><td><a href="#m25">runScenario</a></td></tr><tr class="failedeven"><td><a href="#m26">runScenario</a></td></tr><tr class="failedeven"><td><a href="#m27">runScenario</a></td></tr><tr class="failedeven"><td><a href="#m28">runScenario</a></td></tr><tr class="failedeven"><td><a href="#m29">runScenario</a></td></tr><tr class="failedeven"><td><a href="#m30">runScenario</a></td></tr><tr class="failedeven"><td><a href="#m31">runScenario</a></td></tr><tr><th colspan="4">Default test &#8212; passed</th></tr><tr class="passedeven"><td rowspan="43">cucumber.Options.RunCucumberTests</td><td><a href="#m32">runScenario</a></td><td rowspan="43">1629797930784</td><td rowspan="43">1021</td></tr><tr class="passedeven"><td><a href="#m33">runScenario</a></td></tr><tr class="passedeven"><td><a href="#m34">runScenario</a></td></tr><tr class="passedeven"><td><a href="#m35">runScenario</a></td></tr><tr class="passedeven"><td><a href="#m36">runScenario</a></td></tr><tr class="passedeven"><td><a href="#m37">runScenario</a></td></tr><tr class="passedeven"><td><a href="#m38">runScenario</a></td></tr><tr class="passedeven"><td><a href="#m39">runScenario</a></td></tr><tr class="passedeven"><td><a href="#m40">runScenario</a></td></tr><tr class="passedeven"><td><a href="#m41">runScenario</a></td></tr><tr class="passedeven"><td><a href="#m42">runScenario</a></td></tr><tr class="passedeven"><td><a href="#m43">runScenario</a></td></tr><tr class="passedeven"><td><a href="#m44">runScenario</a></td></tr><tr class="passedeven"><td><a href="#m45">runScenario</a></td></tr><tr class="passedeven"><td><a href="#m46">runScenario</a></td></tr><tr class="passedeven"><td><a href="#m47">runScenario</a></td></tr><tr class="passedeven"><td><a href="#m48">runScenario</a></td></tr><tr class="passedeven"><td><a href="#m49">runScenario</a></td></tr><tr class="passedeven"><td><a href="#m50">runScenario</a></td></tr><tr class="passedeven"><td><a href="#m51">runScenario</a></td></tr><tr class="passedeven"><td><a href="#m52">runScenario</a></td></tr><tr class="passedeven"><td><a href="#m53">runScenario</a></td></tr><tr class="passedeven"><td><a href="#m54">runScenario</a></td></tr><tr class="passedeven"><td><a href="#m55">runScenario</a></td></tr><tr class="passedeven"><td><a href="#m56">runScenario</a></td></tr><tr class="passedeven"><td><a href="#m57">runScenario</a></td></tr><tr class="passedeven"><td><a href="#m58">runScenario</a></td></tr><tr class="passedeven"><td><a href="#m59">runScenario</a></td></tr><tr class="passedeven"><td><a href="#m60">runScenario</a></td></tr><tr class="passedeven"><td><a href="#m61">runScenario</a></td></tr><tr class="passedeven"><td><a href="#m62">runScenario</a></td></tr><tr class="passedeven"><td><a href="#m63">runScenario</a></td></tr><tr class="passedeven"><td><a href="#m64">runScenario</a></td></tr><tr class="passedeven"><td><a href="#m65">runScenario</a></td></tr><tr class="passedeven"><td><a href="#m66">runScenario</a></td></tr><tr class="passedeven"><td><a href="#m67">runScenario</a></td></tr><tr class="passedeven"><td><a href="#m68">runScenario</a></td></tr><tr class="passedeven"><td><a href="#m69">runScenario</a></td></tr><tr class="passedeven"><td><a href="#m70">runScenario</a></td></tr><tr class="passedeven"><td><a href="#m71">runScenario</a></td></tr><tr class="passedeven"><td><a href="#m72">runScenario</a></td></tr><tr class="passedeven"><td><a href="#m73">runScenario</a></td></tr><tr class="passedeven"><td><a href="#m74">runScenario</a></td></tr></tbody>
</table>
<h2>Default test</h2><h3 id="m0">cucumber.Options.RunCucumberTests#runScenario</h3><table class="result"><tr class="param"><th>Parameter #1</th><th>Parameter #2</th></tr><tr class="param stripe"><td>&quot;Validate error response is returned for &quot;bank_country_code&quot; US when &quot;account_number&quot; asedr5432GHUYJIO2345 has invalid no. of characters 20&quot;</td><td>&quot;Optional[Validates Account_Number in Bank_details]&quot;</td></tr><tr><th colspan="2">Exception</th></tr><tr><td colspan="2"><div class="stacktrace">java.lang.NullPointerException: Cannot invoke &quot;Object.toString()&quot; because the return value of &quot;io.restassured.path.json.JsonPath.get(String)&quot; is null
	at utilities.Json_handler.getJsonPath(Json_handler.java:21)
	at stepDefinitions.Then_Steps.response_contains_value(Then_Steps.java:57)
	at ✽.Response &quot;code&quot; has value &quot;payment_schema_validation_failed&quot;(file:///C:/SnehProjects/DemoProject/Demo_APIFramework/src/test/resources/features/Account_Number.feature:45)
</div></td></tr></table><p class="totop"><a href="#summary">back to summary</a></p>
<h3 id="m1">cucumber.Options.RunCucumberTests#runScenario</h3><table class="result"><tr class="param"><th>Parameter #1</th><th>Parameter #2</th></tr><tr class="param stripe"><td>&quot;Validate error response is returned for &quot;bank_country_code&quot; AU when &quot;account_number&quot; er456tbg has invalid no. of characters 8&quot;</td><td>&quot;Optional[Validates Account_Number in Bank_details]&quot;</td></tr><tr><th colspan="2">Exception</th></tr><tr><td colspan="2"><div class="stacktrace">java.lang.NullPointerException: Cannot invoke &quot;Object.toString()&quot; because the return value of &quot;io.restassured.path.json.JsonPath.get(String)&quot; is null
	at utilities.Json_handler.getJsonPath(Json_handler.java:21)
	at stepDefinitions.Then_Steps.response_contains_value(Then_Steps.java:57)
	at ✽.Response &quot;code&quot; has value &quot;payment_schema_validation_failed&quot;(file:///C:/SnehProjects/DemoProject/Demo_APIFramework/src/test/resources/features/Account_Number.feature:45)
</div></td></tr></table><p class="totop"><a href="#summary">back to summary</a></p>
<h3 id="m2">cucumber.Options.RunCucumberTests#runScenario</h3><table class="result"><tr class="param"><th>Parameter #1</th><th>Parameter #2</th></tr><tr class="param stripe"><td>&quot;Validate error response is returned for &quot;bank_country_code&quot; AU when &quot;account_number&quot; de44455667783322412345 has invalid no. of characters 22&quot;</td><td>&quot;Optional[Validates Account_Number in Bank_details]&quot;</td></tr><tr><th colspan="2">Exception</th></tr><tr><td colspan="2"><div class="stacktrace">java.lang.AssertionError: The following asserts failed:
	expected [Length of account_number should be between 6 and 9 when bank_country_code is AU] but found [Should contain 6 to 20 characters]
	at org.testng.asserts.SoftAssert.assertAll(SoftAssert.java:47)
	at org.testng.asserts.SoftAssert.assertAll(SoftAssert.java:31)
	at stepDefinitions.Then_Steps.after(Then_Steps.java:30)
</div></td></tr></table><p class="totop"><a href="#summary">back to summary</a></p>
<h3 id="m3">cucumber.Options.RunCucumberTests#runScenario</h3><table class="result"><tr class="param"><th>Parameter #1</th><th>Parameter #2</th></tr><tr class="param stripe"><td>&quot;Validate beneficiary is sucessfully added for &quot;bank_country_code&quot; &lt;bank_country_code&gt; when &quot;account_number&quot; AGT:789 contains special characters&quot;</td><td>&quot;Optional[Validates Account_Number in Bank_details]&quot;</td></tr><tr><th colspan="2">Exception</th></tr><tr><td colspan="2"><div class="stacktrace">java.lang.AssertionError: The following asserts failed:
	expected [201] but found [400],
	expected [true] but found [false]
	at org.testng.asserts.SoftAssert.assertAll(SoftAssert.java:47)
	at org.testng.asserts.SoftAssert.assertAll(SoftAssert.java:31)
	at stepDefinitions.Then_Steps.after(Then_Steps.java:30)
</div></td></tr></table><p class="totop"><a href="#summary">back to summary</a></p>
<h3 id="m4">cucumber.Options.RunCucumberTests#runScenario</h3><table class="result"><tr class="param"><th>Parameter #1</th><th>Parameter #2</th></tr><tr class="param stripe"><td>&quot;Validate error response is returned for &quot;bank_country_code&quot; AU, &quot;account_routing_type1&quot; bsb when &quot;account_routing_value1&quot;  contains invalid no. of charaters&quot;</td><td>&quot;Optional[Validates Routing_type and Routing_value in BankDetails]&quot;</td></tr><tr><th colspan="2">Exception</th></tr><tr><td colspan="2"><div class="stacktrace">java.lang.NullPointerException: Cannot invoke &quot;Object.toString()&quot; because the return value of &quot;io.restassured.path.json.JsonPath.get(String)&quot; is null
	at utilities.Json_handler.getJsonPath(Json_handler.java:21)
	at stepDefinitions.Then_Steps.response_contains_value(Then_Steps.java:57)
	at ✽.Response &quot;code&quot; has value &quot;payment_schema_validation_failed&quot;(file:///C:/SnehProjects/DemoProject/Demo_APIFramework/src/test/resources/features/Routing_Type.feature:44)
</div></td></tr></table><p class="totop"><a href="#summary">back to summary</a></p>
<h3 id="m5">cucumber.Options.RunCucumberTests#runScenario</h3><table class="result"><tr class="param"><th>Parameter #1</th><th>Parameter #2</th></tr><tr class="param stripe"><td>&quot;Validate error response is returned for &quot;bank_country_code&quot; CN when &quot;account_name&quot; G has invalid no. of characters 1&quot;</td><td>&quot;Optional[Validates Account_Name in Bank_details]&quot;</td></tr><tr><th colspan="2">Exception</th></tr><tr><td colspan="2"><div class="stacktrace">java.lang.AssertionError: The following asserts failed:
	expected [Length of account_name should be between {Min} and {Max} when bank_country_code is CN] but found [Should contain 2 to 200 characters]
	at org.testng.asserts.SoftAssert.assertAll(SoftAssert.java:47)
	at org.testng.asserts.SoftAssert.assertAll(SoftAssert.java:31)
	at stepDefinitions.Then_Steps.after(Then_Steps.java:30)
</div></td></tr></table><p class="totop"><a href="#summary">back to summary</a></p>
<h3 id="m6">cucumber.Options.RunCucumberTests#runScenario</h3><table class="result"><tr class="param"><th>Parameter #1</th><th>Parameter #2</th></tr><tr class="param stripe"><td>&quot;Validate beneficiary is sucessfully added for &quot;bank_country_code&quot; &lt;bank_country_code&gt; when &quot;account_number&quot; AGT-789IJY-T2345 contains special characters&quot;</td><td>&quot;Optional[Validates Account_Number in Bank_details]&quot;</td></tr><tr><th colspan="2">Exception</th></tr><tr><td colspan="2"><div class="stacktrace">java.lang.AssertionError: The following asserts failed:
	expected [201] but found [400],
	expected [true] but found [false]
	at org.testng.asserts.SoftAssert.assertAll(SoftAssert.java:47)
	at org.testng.asserts.SoftAssert.assertAll(SoftAssert.java:31)
	at stepDefinitions.Then_Steps.after(Then_Steps.java:30)
</div></td></tr></table><p class="totop"><a href="#summary">back to summary</a></p>
<h3 id="m7">cucumber.Options.RunCucumberTests#runScenario</h3><table class="result"><tr class="param"><th>Parameter #1</th><th>Parameter #2</th></tr><tr class="param stripe"><td>&quot;Validate error response is returned for &quot;bank_country_code&quot; US when &quot;account_name&quot; U has invalid no. of characters 1&quot;</td><td>&quot;Optional[Validates Account_Name in Bank_details]&quot;</td></tr><tr><th colspan="2">Exception</th></tr><tr><td colspan="2"><div class="stacktrace">java.lang.AssertionError: The following asserts failed:
	expected [Length of account_name should be between {Min} and {Max} when bank_country_code is US] but found [Should contain 2 to 200 characters]
	at org.testng.asserts.SoftAssert.assertAll(SoftAssert.java:47)
	at org.testng.asserts.SoftAssert.assertAll(SoftAssert.java:31)
	at stepDefinitions.Then_Steps.after(Then_Steps.java:30)
</div></td></tr></table><p class="totop"><a href="#summary">back to summary</a></p>
<h3 id="m8">cucumber.Options.RunCucumberTests#runScenario</h3><table class="result"><tr class="param"><th>Parameter #1</th><th>Parameter #2</th></tr><tr class="param stripe"><td>&quot;Validate error message is returned when &quot;swift_code&quot; CNAS33US do not contain passed &lt;Bank_country_code&gt; at 5th and 6th character&quot;</td><td>&quot;Optional[Validates swift_code in BankDetails]&quot;</td></tr><tr><th colspan="2">Exception</th></tr><tr><td colspan="2"><div class="stacktrace">java.lang.AssertionError: The following asserts failed:
	expected [The swift code is not valid for the given bank country code: &lt;Bank_country_code&gt;] but found [Should be a valid and supported SWIFT code / BIC]
	at org.testng.asserts.SoftAssert.assertAll(SoftAssert.java:47)
	at org.testng.asserts.SoftAssert.assertAll(SoftAssert.java:31)
	at stepDefinitions.Then_Steps.after(Then_Steps.java:30)
</div></td></tr></table><p class="totop"><a href="#summary">back to summary</a></p>
<h3 id="m9">cucumber.Options.RunCucumberTests#runScenario</h3><table class="result"><tr class="param"><th>Parameter #1</th><th>Parameter #2</th></tr><tr class="param stripe"><td>&quot;Validate error response is returned for &quot;bank_country_code&quot; CN when &quot;account_number&quot; G has invalid no. of characters 1&quot;</td><td>&quot;Optional[Validates Account_Number in Bank_details]&quot;</td></tr><tr><th colspan="2">Exception</th></tr><tr><td colspan="2"><div class="stacktrace">java.lang.AssertionError: The following asserts failed:
	expected [Length of account_number should be between 8 and 20 when bank_country_code is CN] but found [Should contain 8 to 34 characters]
	at org.testng.asserts.SoftAssert.assertAll(SoftAssert.java:47)
	at org.testng.asserts.SoftAssert.assertAll(SoftAssert.java:31)
	at stepDefinitions.Then_Steps.after(Then_Steps.java:30)
</div></td></tr></table><p class="totop"><a href="#summary">back to summary</a></p>
<h3 id="m10">cucumber.Options.RunCucumberTests#runScenario</h3><table class="result"><tr class="param"><th>Parameter #1</th><th>Parameter #2</th></tr><tr class="param stripe"><td>&quot;Validate error message is returned when &quot;swift_code&quot; CHASUS33 do not match with &quot;Bank_Country_Code&quot; &lt;Bank_country_code&gt; at 5th and 6th character&quot;</td><td>&quot;Optional[Validates swift_code in BankDetails]&quot;</td></tr><tr><th colspan="2">Exception</th></tr><tr><td colspan="2"><div class="stacktrace">java.lang.AssertionError: The following asserts failed:
	expected [The swift code is not valid for the given bank country code: &lt;Bank_country_code&gt;] but found [The SWIFT code / BIC should match the bank location selected ]
	at org.testng.asserts.SoftAssert.assertAll(SoftAssert.java:47)
	at org.testng.asserts.SoftAssert.assertAll(SoftAssert.java:31)
	at stepDefinitions.Then_Steps.after(Then_Steps.java:30)
</div></td></tr></table><p class="totop"><a href="#summary">back to summary</a></p>
<h3 id="m11">cucumber.Options.RunCucumberTests#runScenario</h3><table class="result"><tr class="param"><th>Parameter #1</th><th>Parameter #2</th></tr><tr class="param stripe"><td>&quot;Validate error message is returned when &quot;swift_code&quot; CHASAU33 do not match with &quot;Bank_Country_Code&quot; &lt;Bank_country_code&gt; at 5th and 6th character&quot;</td><td>&quot;Optional[Validates swift_code in BankDetails]&quot;</td></tr><tr><th colspan="2">Exception</th></tr><tr><td colspan="2"><div class="stacktrace">java.lang.AssertionError: The following asserts failed:
	expected [The swift code is not valid for the given bank country code: &lt;Bank_country_code&gt;] but found [Should be a valid and supported SWIFT code / BIC]
	at org.testng.asserts.SoftAssert.assertAll(SoftAssert.java:47)
	at org.testng.asserts.SoftAssert.assertAll(SoftAssert.java:31)
	at stepDefinitions.Then_Steps.after(Then_Steps.java:30)
</div></td></tr></table><p class="totop"><a href="#summary">back to summary</a></p>
<h3 id="m12">cucumber.Options.RunCucumberTests#runScenario</h3><table class="result"><tr class="param"><th>Parameter #1</th><th>Parameter #2</th></tr><tr class="param stripe"><td>&quot;Validates error response is received when Payload field account_routing_type1 is missing&quot;</td><td>&quot;Optional[Validates Routing_type and Routing_value in BankDetails]&quot;</td></tr><tr><th colspan="2">Exception</th></tr><tr><td colspan="2"><div class="stacktrace">java.lang.AssertionError: The following asserts failed:
	expected [400] but found [201],
	expected [true] but found [false]
	at org.testng.asserts.SoftAssert.assertAll(SoftAssert.java:47)
	at org.testng.asserts.SoftAssert.assertAll(SoftAssert.java:31)
	at stepDefinitions.Then_Steps.after(Then_Steps.java:30)
</div></td></tr></table><p class="totop"><a href="#summary">back to summary</a></p>
<h3 id="m13">cucumber.Options.RunCucumberTests#runScenario</h3><table class="result"><tr class="param"><th>Parameter #1</th><th>Parameter #2</th></tr><tr class="param stripe"><td>&quot;Validate error response is returned for &quot;bank_country_code&quot; AU, &quot;account_routing_type1&quot; bsb when &quot;account_routing_value1&quot; 1234567890 contains invalid no. of charaters&quot;</td><td>&quot;Optional[Validates Routing_type and Routing_value in BankDetails]&quot;</td></tr><tr><th colspan="2">Exception</th></tr><tr><td colspan="2"><div class="stacktrace">java.lang.NullPointerException: Cannot invoke &quot;Object.toString()&quot; because the return value of &quot;io.restassured.path.json.JsonPath.get(String)&quot; is null
	at utilities.Json_handler.getJsonPath(Json_handler.java:21)
	at stepDefinitions.Then_Steps.response_contains_value(Then_Steps.java:57)
	at ✽.Response &quot;code&quot; has value &quot;payment_schema_validation_failed&quot;(file:///C:/SnehProjects/DemoProject/Demo_APIFramework/src/test/resources/features/Routing_Type.feature:44)
</div></td></tr></table><p class="totop"><a href="#summary">back to summary</a></p>
<h3 id="m14">cucumber.Options.RunCucumberTests#runScenario</h3><table class="result"><tr class="param"><th>Parameter #1</th><th>Parameter #2</th></tr><tr class="param stripe"><td>&quot;Validate error response is returned for &quot;bank_country_code&quot; CN when &quot;account_number&quot; 123456 has invalid no. of characters 6&quot;</td><td>&quot;Optional[Validates Account_Number in Bank_details]&quot;</td></tr><tr><th colspan="2">Exception</th></tr><tr><td colspan="2"><div class="stacktrace">java.lang.AssertionError: The following asserts failed:
	expected [Length of account_number should be between 8 and 20 when bank_country_code is CN] but found [Should contain 8 to 34 characters]
	at org.testng.asserts.SoftAssert.assertAll(SoftAssert.java:47)
	at org.testng.asserts.SoftAssert.assertAll(SoftAssert.java:31)
	at stepDefinitions.Then_Steps.after(Then_Steps.java:30)
</div></td></tr></table><p class="totop"><a href="#summary">back to summary</a></p>
<h3 id="m15">cucumber.Options.RunCucumberTests#runScenario</h3><table class="result"><tr class="param"><th>Parameter #1</th><th>Parameter #2</th></tr><tr class="param stripe"><td>&quot;Validate error message is returned when &quot;swift_code&quot; USAS33US do not contain passed &lt;Bank_country_code&gt; at 5th and 6th character&quot;</td><td>&quot;Optional[Validates swift_code in BankDetails]&quot;</td></tr><tr><th colspan="2">Exception</th></tr><tr><td colspan="2"><div class="stacktrace">java.lang.AssertionError: The following asserts failed:
	expected [The swift code is not valid for the given bank country code: &lt;Bank_country_code&gt;] but found [Should be a valid and supported SWIFT code / BIC]
	at org.testng.asserts.SoftAssert.assertAll(SoftAssert.java:47)
	at org.testng.asserts.SoftAssert.assertAll(SoftAssert.java:31)
	at stepDefinitions.Then_Steps.after(Then_Steps.java:30)
</div></td></tr></table><p class="totop"><a href="#summary">back to summary</a></p>
<h3 id="m16">cucumber.Options.RunCucumberTests#runScenario</h3><table class="result"><tr class="param"><th>Parameter #1</th><th>Parameter #2</th></tr><tr class="param stripe"><td>&quot;Validate error response is returned for &quot;bank_country_code&quot; AU, &quot;account_routing_type1&quot; bsb when &quot;account_routing_value1&quot; 12345 contains invalid no. of charaters&quot;</td><td>&quot;Optional[Validates Routing_type and Routing_value in BankDetails]&quot;</td></tr><tr><th colspan="2">Exception</th></tr><tr><td colspan="2"><div class="stacktrace">java.lang.NullPointerException: Cannot invoke &quot;Object.toString()&quot; because the return value of &quot;io.restassured.path.json.JsonPath.get(String)&quot; is null
	at utilities.Json_handler.getJsonPath(Json_handler.java:21)
	at stepDefinitions.Then_Steps.response_contains_value(Then_Steps.java:57)
	at ✽.Response &quot;code&quot; has value &quot;payment_schema_validation_failed&quot;(file:///C:/SnehProjects/DemoProject/Demo_APIFramework/src/test/resources/features/Routing_Type.feature:44)
</div></td></tr></table><p class="totop"><a href="#summary">back to summary</a></p>
<h3 id="m17">cucumber.Options.RunCucumberTests#runScenario</h3><table class="result"><tr class="param"><th>Parameter #1</th><th>Parameter #2</th></tr><tr class="param stripe"><td>&quot;Validate error message is returned when &quot;swift_code&quot; CHASAU33 do not match with &quot;Bank_Country_Code&quot; &lt;Bank_country_code&gt; at 5th and 6th character&quot;</td><td>&quot;Optional[Validates swift_code in BankDetails]&quot;</td></tr><tr><th colspan="2">Exception</th></tr><tr><td colspan="2"><div class="stacktrace">java.lang.AssertionError: The following asserts failed:
	expected [The swift code is not valid for the given bank country code: &lt;Bank_country_code&gt;] but found [Should be a valid and supported SWIFT code / BIC]
	at org.testng.asserts.SoftAssert.assertAll(SoftAssert.java:47)
	at org.testng.asserts.SoftAssert.assertAll(SoftAssert.java:31)
	at stepDefinitions.Then_Steps.after(Then_Steps.java:30)
</div></td></tr></table><p class="totop"><a href="#summary">back to summary</a></p>
<h3 id="m18">cucumber.Options.RunCucumberTests#runScenario</h3><table class="result"><tr class="param"><th>Parameter #1</th><th>Parameter #2</th></tr><tr class="param stripe"><td>&quot;Validate error response is returned for &quot;bank_country_code&quot; AU when &quot;account_number&quot; MJIKH has invalid no. of characters 5&quot;</td><td>&quot;Optional[Validates Account_Number in Bank_details]&quot;</td></tr><tr><th colspan="2">Exception</th></tr><tr><td colspan="2"><div class="stacktrace">java.lang.AssertionError: The following asserts failed:
	expected [Length of account_number should be between 6 and 9 when bank_country_code is AU] but found [Should contain 6 to 20 characters]
	at org.testng.asserts.SoftAssert.assertAll(SoftAssert.java:47)
	at org.testng.asserts.SoftAssert.assertAll(SoftAssert.java:31)
	at stepDefinitions.Then_Steps.after(Then_Steps.java:30)
</div></td></tr></table><p class="totop"><a href="#summary">back to summary</a></p>
<h3 id="m19">cucumber.Options.RunCucumberTests#runScenario</h3><table class="result"><tr class="param"><th>Parameter #1</th><th>Parameter #2</th></tr><tr class="param stripe"><td>&quot;Validate error message is returned for &quot;bank_country_code&quot; &lt;Bank_country_code&gt; when &quot;swift_code&quot; ICBKAUBJ123w lessthan 8 or greaterthan 11 charcters&quot;</td><td>&quot;Optional[Validates swift_code in BankDetails]&quot;</td></tr><tr><th colspan="2">Exception</th></tr><tr><td colspan="2"><div class="stacktrace">java.lang.AssertionError: The following asserts failed:
	expected [Length of &apos;swift_code&apos; should be either 8 or 11] but found [Should be a valid and supported SWIFT code / BIC]
	at org.testng.asserts.SoftAssert.assertAll(SoftAssert.java:47)
	at org.testng.asserts.SoftAssert.assertAll(SoftAssert.java:31)
	at stepDefinitions.Then_Steps.after(Then_Steps.java:30)
</div></td></tr></table><p class="totop"><a href="#summary">back to summary</a></p>
<h3 id="m20">cucumber.Options.RunCucumberTests#runScenario</h3><table class="result"><tr class="param"><th>Parameter #1</th><th>Parameter #2</th></tr><tr class="param stripe"><td>&quot;Validate error response is returned for &quot;bank_country_code&quot; CN when &quot;account_name&quot; asfsf4567w3 has invalid no. of characters 11&quot;</td><td>&quot;Optional[Validates Account_Name in Bank_details]&quot;</td></tr><tr><th colspan="2">Exception</th></tr><tr><td colspan="2"><div class="stacktrace">java.lang.NullPointerException: Cannot invoke &quot;Object.toString()&quot; because the return value of &quot;io.restassured.path.json.JsonPath.get(String)&quot; is null
	at utilities.Json_handler.getJsonPath(Json_handler.java:21)
	at stepDefinitions.Then_Steps.response_contains_value(Then_Steps.java:57)
	at ✽.Response &quot;code&quot; has value &quot;payment_schema_validation_failed&quot;(file:///C:/SnehProjects/DemoProject/Demo_APIFramework/src/test/resources/features/Account_Name.feature:32)
</div></td></tr></table><p class="totop"><a href="#summary">back to summary</a></p>
<h3 id="m21">cucumber.Options.RunCucumberTests#runScenario</h3><table class="result"><tr class="param"><th>Parameter #1</th><th>Parameter #2</th></tr><tr class="param stripe"><td>&quot;Validate error response is returned for &quot;bank_country_code&quot; AU when &quot;account_number&quot; de444556677833224 has invalid no. of characters 17&quot;</td><td>&quot;Optional[Validates Account_Number in Bank_details]&quot;</td></tr><tr><th colspan="2">Exception</th></tr><tr><td colspan="2"><div class="stacktrace">java.lang.NullPointerException: Cannot invoke &quot;Object.toString()&quot; because the return value of &quot;io.restassured.path.json.JsonPath.get(String)&quot; is null
	at utilities.Json_handler.getJsonPath(Json_handler.java:21)
	at stepDefinitions.Then_Steps.response_contains_value(Then_Steps.java:57)
	at ✽.Response &quot;code&quot; has value &quot;payment_schema_validation_failed&quot;(file:///C:/SnehProjects/DemoProject/Demo_APIFramework/src/test/resources/features/Account_Number.feature:45)
</div></td></tr></table><p class="totop"><a href="#summary">back to summary</a></p>
<h3 id="m22">cucumber.Options.RunCucumberTests#runScenario</h3><table class="result"><tr class="param"><th>Parameter #1</th><th>Parameter #2</th></tr><tr class="param stripe"><td>&quot;Validate error response is returned for &quot;bank_country_code&quot; CN when &quot;account_number&quot; 123456789qwertyui has invalid no. of characters 17&quot;</td><td>&quot;Optional[Validates Account_Number in Bank_details]&quot;</td></tr><tr><th colspan="2">Exception</th></tr><tr><td colspan="2"><div class="stacktrace">java.lang.NullPointerException: Cannot invoke &quot;Object.toString()&quot; because the return value of &quot;io.restassured.path.json.JsonPath.get(String)&quot; is null
	at utilities.Json_handler.getJsonPath(Json_handler.java:21)
	at stepDefinitions.Then_Steps.response_contains_value(Then_Steps.java:57)
	at ✽.Response &quot;code&quot; has value &quot;payment_schema_validation_failed&quot;(file:///C:/SnehProjects/DemoProject/Demo_APIFramework/src/test/resources/features/Account_Number.feature:45)
</div></td></tr></table><p class="totop"><a href="#summary">back to summary</a></p>
<h3 id="m23">cucumber.Options.RunCucumberTests#runScenario</h3><table class="result"><tr class="param"><th>Parameter #1</th><th>Parameter #2</th></tr><tr class="param stripe"><td>&quot;Validate error message is returned when &quot;swift_code&quot; CHAS33US do not contain passed &lt;Bank_country_code&gt; at 5th and 6th character&quot;</td><td>&quot;Optional[Validates swift_code in BankDetails]&quot;</td></tr><tr><th colspan="2">Exception</th></tr><tr><td colspan="2"><div class="stacktrace">java.lang.AssertionError: The following asserts failed:
	expected [The swift code is not valid for the given bank country code: &lt;Bank_country_code&gt;] but found [Should be a valid and supported SWIFT code / BIC]
	at org.testng.asserts.SoftAssert.assertAll(SoftAssert.java:47)
	at org.testng.asserts.SoftAssert.assertAll(SoftAssert.java:31)
	at stepDefinitions.Then_Steps.after(Then_Steps.java:30)
</div></td></tr></table><p class="totop"><a href="#summary">back to summary</a></p>
<h3 id="m24">cucumber.Options.RunCucumberTests#runScenario</h3><table class="result"><tr class="param"><th>Parameter #1</th><th>Parameter #2</th></tr><tr class="param stripe"><td>&quot;Validate error message is returned for &quot;bank_country_code&quot; &lt;Bank_country_code&gt; when &quot;swift_code&quot; ICBKUS lessthan 8 or greaterthan 11 charcters&quot;</td><td>&quot;Optional[Validates swift_code in BankDetails]&quot;</td></tr><tr><th colspan="2">Exception</th></tr><tr><td colspan="2"><div class="stacktrace">java.lang.AssertionError: The following asserts failed:
	expected [Length of &apos;swift_code&apos; should be either 8 or 11] but found [Should be a valid and supported SWIFT code / BIC]
	at org.testng.asserts.SoftAssert.assertAll(SoftAssert.java:47)
	at org.testng.asserts.SoftAssert.assertAll(SoftAssert.java:31)
	at stepDefinitions.Then_Steps.after(Then_Steps.java:30)
</div></td></tr></table><p class="totop"><a href="#summary">back to summary</a></p>
<h3 id="m25">cucumber.Options.RunCucumberTests#runScenario</h3><table class="result"><tr class="param"><th>Parameter #1</th><th>Parameter #2</th></tr><tr class="param stripe"><td>&quot;Validate beneficiary is sucessfully added for &quot;bank_country_code&quot; &lt;bank_country_code&gt; when &quot;account_number&quot; AGT 789IJY T2345 contains special characters&quot;</td><td>&quot;Optional[Validates Account_Number in Bank_details]&quot;</td></tr><tr><th colspan="2">Exception</th></tr><tr><td colspan="2"><div class="stacktrace">java.lang.AssertionError: The following asserts failed:
	expected [201] but found [400],
	expected [true] but found [false]
	at org.testng.asserts.SoftAssert.assertAll(SoftAssert.java:47)
	at org.testng.asserts.SoftAssert.assertAll(SoftAssert.java:31)
	at stepDefinitions.Then_Steps.after(Then_Steps.java:30)
</div></td></tr></table><p class="totop"><a href="#summary">back to summary</a></p>
<h3 id="m26">cucumber.Options.RunCucumberTests#runScenario</h3><table class="result"><tr class="param"><th>Parameter #1</th><th>Parameter #2</th></tr><tr class="param stripe"><td>&quot;Validate error response is returned for &quot;bank_country_code&quot; US when &quot;account_number&quot; asedr5432GHUYJIO23451321432 has invalid no. of characters 26&quot;</td><td>&quot;Optional[Validates Account_Number in Bank_details]&quot;</td></tr><tr><th colspan="2">Exception</th></tr><tr><td colspan="2"><div class="stacktrace">java.lang.AssertionError: The following asserts failed:
	expected [Length of account_number should be between 1 and 17 when bank_country_code is US] but found [Should contain 1 to 26 characters]
	at org.testng.asserts.SoftAssert.assertAll(SoftAssert.java:47)
	at org.testng.asserts.SoftAssert.assertAll(SoftAssert.java:31)
	at stepDefinitions.Then_Steps.after(Then_Steps.java:30)
</div></td></tr></table><p class="totop"><a href="#summary">back to summary</a></p>
<h3 id="m27">cucumber.Options.RunCucumberTests#runScenario</h3><table class="result"><tr class="param"><th>Parameter #1</th><th>Parameter #2</th></tr><tr class="param stripe"><td>&quot;Validate error response is returned for &quot;bank_country_code&quot; CN when &quot;account_number&quot; ASEDRFTGYHUJIKOL1234123456789012345 has invalid no. of characters 35&quot;</td><td>&quot;Optional[Validates Account_Number in Bank_details]&quot;</td></tr><tr><th colspan="2">Exception</th></tr><tr><td colspan="2"><div class="stacktrace">java.lang.AssertionError: The following asserts failed:
	expected [Length of account_number should be between 8 and 20 when bank_country_code is CN] but found [Should contain 8 to 34 characters]
	at org.testng.asserts.SoftAssert.assertAll(SoftAssert.java:47)
	at org.testng.asserts.SoftAssert.assertAll(SoftAssert.java:31)
	at stepDefinitions.Then_Steps.after(Then_Steps.java:30)
</div></td></tr></table><p class="totop"><a href="#summary">back to summary</a></p>
<h3 id="m28">cucumber.Options.RunCucumberTests#runScenario</h3><table class="result"><tr class="param"><th>Parameter #1</th><th>Parameter #2</th></tr><tr class="param stripe"><td>&quot;Validate error response is returned for &quot;bank_country_code&quot; US, &quot;account_routing_type1&quot; aba when &quot;account_routing_value1&quot;  contains invalid no. of charaters&quot;</td><td>&quot;Optional[Validates Routing_type and Routing_value in BankDetails]&quot;</td></tr><tr><th colspan="2">Exception</th></tr><tr><td colspan="2"><div class="stacktrace">java.lang.NullPointerException: Cannot invoke &quot;Object.toString()&quot; because the return value of &quot;io.restassured.path.json.JsonPath.get(String)&quot; is null
	at utilities.Json_handler.getJsonPath(Json_handler.java:21)
	at stepDefinitions.Then_Steps.response_contains_value(Then_Steps.java:57)
	at ✽.Response &quot;code&quot; has value &quot;payment_schema_validation_failed&quot;(file:///C:/SnehProjects/DemoProject/Demo_APIFramework/src/test/resources/features/Routing_Type.feature:44)
</div></td></tr></table><p class="totop"><a href="#summary">back to summary</a></p>
<h3 id="m29">cucumber.Options.RunCucumberTests#runScenario</h3><table class="result"><tr class="param"><th>Parameter #1</th><th>Parameter #2</th></tr><tr class="param stripe"><td>&quot;Validate error response is returned for &quot;bank_country_code&quot; AU when &quot;account_name&quot; a has invalid no. of characters 1&quot;</td><td>&quot;Optional[Validates Account_Name in Bank_details]&quot;</td></tr><tr><th colspan="2">Exception</th></tr><tr><td colspan="2"><div class="stacktrace">java.lang.AssertionError: The following asserts failed:
	expected [Length of account_name should be between {Min} and {Max} when bank_country_code is AU] but found [Should contain 2 to 200 characters]
	at org.testng.asserts.SoftAssert.assertAll(SoftAssert.java:47)
	at org.testng.asserts.SoftAssert.assertAll(SoftAssert.java:31)
	at stepDefinitions.Then_Steps.after(Then_Steps.java:30)
</div></td></tr></table><p class="totop"><a href="#summary">back to summary</a></p>
<h3 id="m30">cucumber.Options.RunCucumberTests#runScenario</h3><table class="result"><tr class="param"><th>Parameter #1</th><th>Parameter #2</th></tr><tr class="param stripe"><td>&quot;Validate error message is returned when &quot;swift_code&quot; CTBAAU2S matches with &quot;country_code&quot; AU but not with &quot;bank_country_code&quot; &lt;Bank_country_code&gt;&quot;</td><td>&quot;Optional[Validates swift_code in BankDetails]&quot;</td></tr><tr><th colspan="2">Exception</th></tr><tr><td colspan="2"><div class="stacktrace">java.lang.AssertionError: The following asserts failed:
	expected [The swift code is not valid for the given bank country code: &lt;Bank_country_code&gt;] but found [The SWIFT code / BIC should match the bank location selected ]
	at org.testng.asserts.SoftAssert.assertAll(SoftAssert.java:47)
	at org.testng.asserts.SoftAssert.assertAll(SoftAssert.java:31)
	at stepDefinitions.Then_Steps.after(Then_Steps.java:30)
</div></td></tr></table><p class="totop"><a href="#summary">back to summary</a></p>
<h3 id="m31">cucumber.Options.RunCucumberTests#runScenario</h3><table class="result"><tr class="param"><th>Parameter #1</th><th>Parameter #2</th></tr><tr class="param stripe"><td>&quot;Validate error message is returned when &quot;swift_code&quot; CHASUS33 matches with &quot;country_code&quot; US but not with &quot;bank_country_code&quot; &lt;Bank_country_code&gt;&quot;</td><td>&quot;Optional[Validates swift_code in BankDetails]&quot;</td></tr><tr><th colspan="2">Exception</th></tr><tr><td colspan="2"><div class="stacktrace">java.lang.AssertionError: The following asserts failed:
	expected [The swift code is not valid for the given bank country code: &lt;Bank_country_code&gt;] but found [The SWIFT code / BIC should match the bank location selected ]
	at org.testng.asserts.SoftAssert.assertAll(SoftAssert.java:47)
	at org.testng.asserts.SoftAssert.assertAll(SoftAssert.java:31)
	at stepDefinitions.Then_Steps.after(Then_Steps.java:30)
</div></td></tr></table><p class="totop"><a href="#summary">back to summary</a></p>
<h3 id="m32">cucumber.Options.RunCucumberTests#runScenario</h3><table class="result"><tr class="param"><th>Parameter #1</th><th>Parameter #2</th></tr><tr class="param stripe"><td>&quot;Validates beneficiary is added when Bank_Country_Code is valid but in small case cn&quot;</td><td>&quot;Optional[Validates bank_country_code in BankDetails]&quot;</td></tr></table><p class="totop"><a href="#summary">back to summary</a></p>
<h3 id="m33">cucumber.Options.RunCucumberTests#runScenario</h3><table class="result"><tr class="param"><th>Parameter #1</th><th>Parameter #2</th></tr><tr class="param stripe"><td>&quot;Validates error response is received when payment_methods=SWIFT and Payload feild swift_code is Empty&quot;</td><td>&quot;Optional[Validates swift_code in BankDetails]&quot;</td></tr></table><p class="totop"><a href="#summary">back to summary</a></p>
<h3 id="m34">cucumber.Options.RunCucumberTests#runScenario</h3><table class="result"><tr class="param"><th>Parameter #1</th><th>Parameter #2</th></tr><tr class="param stripe"><td>&quot;Validates error response is received when Payload feild payment_method value is Empty&quot;</td><td>&quot;Optional[Validates Routing_type and Routing_value in BankDetails]&quot;</td></tr></table><p class="totop"><a href="#summary">back to summary</a></p>
<h3 id="m35">cucumber.Options.RunCucumberTests#runScenario</h3><table class="result"><tr class="param"><th>Parameter #1</th><th>Parameter #2</th></tr><tr class="param stripe"><td>&quot;Validate beneficiary is sucessfully added when for &quot;bank_country_code&quot; &lt;Bank_country_code&gt; when &quot;account_number&quot; 123456789DERftguhijo has valid 20 characters&quot;</td><td>&quot;Optional[Validates Account_Number in Bank_details]&quot;</td></tr></table><p class="totop"><a href="#summary">back to summary</a></p>
<h3 id="m36">cucumber.Options.RunCucumberTests#runScenario</h3><table class="result"><tr class="param"><th>Parameter #1</th><th>Parameter #2</th></tr><tr class="param stripe"><td>&quot;Validates error response is received when Payload field payment_method value is Empty&quot;</td><td>&quot;Optional[Validates Payment_Method in BankDetails]&quot;</td></tr></table><p class="totop"><a href="#summary">back to summary</a></p>
<h3 id="m37">cucumber.Options.RunCucumberTests#runScenario</h3><table class="result"><tr class="param"><th>Parameter #1</th><th>Parameter #2</th></tr><tr class="param stripe"><td>&quot;Validate beneficiary is sucessfully added when for &quot;bank_country_code&quot; &lt;Bank_country_code&gt; when &quot;account_number&quot; 123456789 has valid 9 characters&quot;</td><td>&quot;Optional[Validates Account_Number in Bank_details]&quot;</td></tr></table><p class="totop"><a href="#summary">back to summary</a></p>
<h3 id="m38">cucumber.Options.RunCucumberTests#runScenario</h3><table class="result"><tr class="param"><th>Parameter #1</th><th>Parameter #2</th></tr><tr class="param stripe"><td>&quot;Validate error response is returned for &quot;bank_country_code&quot; AU, &quot;account_routing_type1&quot; bsb when &quot;account_routing_value1&quot; 123456 contains invalid no. of charaters&quot;</td><td>&quot;Optional[Validates Routing_type and Routing_value in BankDetails]&quot;</td></tr></table><p class="totop"><a href="#summary">back to summary</a></p>
<h3 id="m39">cucumber.Options.RunCucumberTests#runScenario</h3><table class="result"><tr class="param"><th>Parameter #1</th><th>Parameter #2</th></tr><tr class="param stripe"><td>&quot;Validates beneficiary is not added when account_number value is Empty&quot;</td><td>&quot;Optional[Validates Account_Number in Bank_details]&quot;</td></tr></table><p class="totop"><a href="#summary">back to summary</a></p>
<h3 id="m40">cucumber.Options.RunCucumberTests#runScenario</h3><table class="result"><tr class="param"><th>Parameter #1</th><th>Parameter #2</th></tr><tr class="param stripe"><td>&quot;Validates beneficiary is not added when Bank_Country_Code does not follow &apos;ISO 3166-2&apos; standard&quot;</td><td>&quot;Optional[Validates bank_country_code in BankDetails]&quot;</td></tr></table><p class="totop"><a href="#summary">back to summary</a></p>
<h3 id="m41">cucumber.Options.RunCucumberTests#runScenario</h3><table class="result"><tr class="param"><th>Parameter #1</th><th>Parameter #2</th></tr><tr class="param stripe"><td>&quot;Validate correct response is returned for &quot;bank_country_code&quot; AU when &quot;account_name&quot; ()[aE1&lt;:! has valid no. of characters 1&quot;</td><td>&quot;Optional[Validates Account_Name in Bank_details]&quot;</td></tr></table><p class="totop"><a href="#summary">back to summary</a></p>
<h3 id="m42">cucumber.Options.RunCucumberTests#runScenario</h3><table class="result"><tr class="param"><th>Parameter #1</th><th>Parameter #2</th></tr><tr class="param stripe"><td>&quot;Validate beneficiary is sucessfully added when for &quot;bank_country_code&quot; &lt;Bank_country_code&gt; when &quot;account_number&quot; GFhyi345 has valid 8 characters&quot;</td><td>&quot;Optional[Validates Account_Number in Bank_details]&quot;</td></tr></table><p class="totop"><a href="#summary">back to summary</a></p>
<h3 id="m43">cucumber.Options.RunCucumberTests#runScenario</h3><table class="result"><tr class="param"><th>Parameter #1</th><th>Parameter #2</th></tr><tr class="param stripe"><td>&quot;Validate error response is returned for &quot;bank_country_code&quot; US, &quot;account_routing_type1&quot; aba when &quot;account_routing_value1&quot; 123456789 contains invalid no. of charaters&quot;</td><td>&quot;Optional[Validates Routing_type and Routing_value in BankDetails]&quot;</td></tr></table><p class="totop"><a href="#summary">back to summary</a></p>
<h3 id="m44">cucumber.Options.RunCucumberTests#runScenario</h3><table class="result"><tr class="param"><th>Parameter #1</th><th>Parameter #2</th></tr><tr class="param stripe"><td>&quot;Validates error response is received when payment_methods=SWIFT and Payload field swift_code is missing&quot;</td><td>&quot;Optional[Validates swift_code in BankDetails]&quot;</td></tr></table><p class="totop"><a href="#summary">back to summary</a></p>
<h3 id="m45">cucumber.Options.RunCucumberTests#runScenario</h3><table class="result"><tr class="param"><th>Parameter #1</th><th>Parameter #2</th></tr><tr class="param stripe"><td>&quot;Validate correct message is returned when &quot;swift_code&quot; CTBAAU2S matches with &quot;country_code&quot; AU but not with &quot;bank_country_code&quot; &lt;Bank_country_code&gt;&quot;</td><td>&quot;Optional[Validates swift_code in BankDetails]&quot;</td></tr></table><p class="totop"><a href="#summary">back to summary</a></p>
<h3 id="m46">cucumber.Options.RunCucumberTests#runScenario</h3><table class="result"><tr class="param"><th>Parameter #1</th><th>Parameter #2</th></tr><tr class="param stripe"><td>&quot;Validates error response is received when Payload field payment_method value is not valid TARGET&quot;</td><td>&quot;Optional[Validates Payment_Method in BankDetails]&quot;</td></tr></table><p class="totop"><a href="#summary">back to summary</a></p>
<h3 id="m47">cucumber.Options.RunCucumberTests#runScenario</h3><table class="result"><tr class="param"><th>Parameter #1</th><th>Parameter #2</th></tr><tr class="param stripe"><td>&quot;Validates beneficiary is not added when Bank_Country_Code key is missing&quot;</td><td>&quot;Optional[Validates bank_country_code in BankDetails]&quot;</td></tr></table><p class="totop"><a href="#summary">back to summary</a></p>
<h3 id="m48">cucumber.Options.RunCucumberTests#runScenario</h3><table class="result"><tr class="param"><th>Parameter #1</th><th>Parameter #2</th></tr><tr class="param stripe"><td>&quot;Validates beneficiary is added when Bank_Country_Code is valid but in small case AU&quot;</td><td>&quot;Optional[Validates bank_country_code in BankDetails]&quot;</td></tr></table><p class="totop"><a href="#summary">back to summary</a></p>
<h3 id="m49">cucumber.Options.RunCucumberTests#runScenario</h3><table class="result"><tr class="param"><th>Parameter #1</th><th>Parameter #2</th></tr><tr class="param stripe"><td>&quot;Validates beneficiary is not added when Bank_Country_Code as per &apos;ISO 3166-2&apos; standard but invalid for Airwallex&quot;</td><td>&quot;Optional[Validates bank_country_code in BankDetails]&quot;</td></tr></table><p class="totop"><a href="#summary">back to summary</a></p>
<h3 id="m50">cucumber.Options.RunCucumberTests#runScenario</h3><table class="result"><tr class="param"><th>Parameter #1</th><th>Parameter #2</th></tr><tr class="param stripe"><td>&quot;Validate beneficiary is sucessfully added when for &quot;bank_country_code&quot; &lt;Bank_country_code&gt; when &quot;account_number&quot; 0 has valid 1 characters&quot;</td><td>&quot;Optional[Validates Account_Number in Bank_details]&quot;</td></tr></table><p class="totop"><a href="#summary">back to summary</a></p>
<h3 id="m51">cucumber.Options.RunCucumberTests#runScenario</h3><table class="result"><tr class="param"><th>Parameter #1</th><th>Parameter #2</th></tr><tr class="param stripe"><td>&quot;Validate error response is returned for &quot;bank_country_code&quot; CN when &quot;account_routing_type1&quot; caa has invalid characters &lt;number_of_characters&gt;&quot;</td><td>&quot;Optional[Validates Routing_type and Routing_value in BankDetails]&quot;</td></tr></table><p class="totop"><a href="#summary">back to summary</a></p>
<h3 id="m52">cucumber.Options.RunCucumberTests#runScenario</h3><table class="result"><tr class="param"><th>Parameter #1</th><th>Parameter #2</th></tr><tr class="param stripe"><td>&quot;Validate error response is returned for &quot;bank_country_code&quot; US, &quot;account_routing_type1&quot; aba when &quot;account_routing_value1&quot; 1234567890 contains invalid no. of charaters&quot;</td><td>&quot;Optional[Validates Routing_type and Routing_value in BankDetails]&quot;</td></tr></table><p class="totop"><a href="#summary">back to summary</a></p>
<h3 id="m53">cucumber.Options.RunCucumberTests#runScenario</h3><table class="result"><tr class="param"><th>Parameter #1</th><th>Parameter #2</th></tr><tr class="param stripe"><td>&quot;Validates error response is received when Payload field payment_method value is not valid SEPA&quot;</td><td>&quot;Optional[Validates Payment_Method in BankDetails]&quot;</td></tr></table><p class="totop"><a href="#summary">back to summary</a></p>
<h3 id="m54">cucumber.Options.RunCucumberTests#runScenario</h3><table class="result"><tr class="param"><th>Parameter #1</th><th>Parameter #2</th></tr><tr class="param stripe"><td>&quot;Validate beneficiary is sucessfully added when for &quot;bank_country_code&quot; &lt;Bank_country_code&gt; when &quot;account_number&quot; GFh44445 has valid 8 characters&quot;</td><td>&quot;Optional[Validates Account_Number in Bank_details]&quot;</td></tr></table><p class="totop"><a href="#summary">back to summary</a></p>
<h3 id="m55">cucumber.Options.RunCucumberTests#runScenario</h3><table class="result"><tr class="param"><th>Parameter #1</th><th>Parameter #2</th></tr><tr class="param stripe"><td>&quot;Validate beneficiary is sucessfully added when for &quot;bank_country_code&quot; &lt;Bank_country_code&gt; when &quot;account_number&quot; 987654321 has valid 9 characters&quot;</td><td>&quot;Optional[Validates Account_Number in Bank_details]&quot;</td></tr></table><p class="totop"><a href="#summary">back to summary</a></p>
<h3 id="m56">cucumber.Options.RunCucumberTests#runScenario</h3><table class="result"><tr class="param"><th>Parameter #1</th><th>Parameter #2</th></tr><tr class="param stripe"><td>&quot;Validates beneficiary is not added when Bank_Country_Code as per &apos;ISO 3166-2&apos; standard but invalid for Airwallex&quot;</td><td>&quot;Optional[Validates bank_country_code in BankDetails]&quot;</td></tr></table><p class="totop"><a href="#summary">back to summary</a></p>
<h3 id="m57">cucumber.Options.RunCucumberTests#runScenario</h3><table class="result"><tr class="param"><th>Parameter #1</th><th>Parameter #2</th></tr><tr class="param stripe"><td>&quot;Validates beneficiary is not added when account_name key is missing from bankdetails jsonobject&quot;</td><td>&quot;Optional[Validates Account_Name in Bank_details]&quot;</td></tr></table><p class="totop"><a href="#summary">back to summary</a></p>
<h3 id="m58">cucumber.Options.RunCucumberTests#runScenario</h3><table class="result"><tr class="param"><th>Parameter #1</th><th>Parameter #2</th></tr><tr class="param stripe"><td>&quot;Validate beneficiary is sucessfully added when for &quot;bank_country_code&quot; &lt;Bank_country_code&gt; when &quot;account_number&quot; A has valid 1 characters&quot;</td><td>&quot;Optional[Validates Account_Number in Bank_details]&quot;</td></tr></table><p class="totop"><a href="#summary">back to summary</a></p>
<h3 id="m59">cucumber.Options.RunCucumberTests#runScenario</h3><table class="result"><tr class="param"><th>Parameter #1</th><th>Parameter #2</th></tr><tr class="param stripe"><td>&quot;Validates beneficiary is not added when Bank_Country_Code does not follow &apos;ISO 3166-2&apos; standard&quot;</td><td>&quot;Optional[Validates bank_country_code in BankDetails]&quot;</td></tr></table><p class="totop"><a href="#summary">back to summary</a></p>
<h3 id="m60">cucumber.Options.RunCucumberTests#runScenario</h3><table class="result"><tr class="param"><th>Parameter #1</th><th>Parameter #2</th></tr><tr class="param stripe"><td>&quot;Validates beneficiary is not added when account_name value is Empty&quot;</td><td>&quot;Optional[Validates Account_Name in Bank_details]&quot;</td></tr></table><p class="totop"><a href="#summary">back to summary</a></p>
<h3 id="m61">cucumber.Options.RunCucumberTests#runScenario</h3><table class="result"><tr class="param"><th>Parameter #1</th><th>Parameter #2</th></tr><tr class="param stripe"><td>&quot;Validates correct response is received when Payload field payment_method value is valid SWIFT&quot;</td><td>&quot;Optional[Validates Payment_Method in BankDetails]&quot;</td></tr></table><p class="totop"><a href="#summary">back to summary</a></p>
<h3 id="m62">cucumber.Options.RunCucumberTests#runScenario</h3><table class="result"><tr class="param"><th>Parameter #1</th><th>Parameter #2</th></tr><tr class="param stripe"><td>&quot;Validates beneficiary is added when Bank_Country_Code is valid but in small case US&quot;</td><td>&quot;Optional[Validates bank_country_code in BankDetails]&quot;</td></tr></table><p class="totop"><a href="#summary">back to summary</a></p>
<h3 id="m63">cucumber.Options.RunCucumberTests#runScenario</h3><table class="result"><tr class="param"><th>Parameter #1</th><th>Parameter #2</th></tr><tr class="param stripe"><td>&quot;Validates error response is received when Payload field payment_method is missing&quot;</td><td>&quot;Optional[Validates Payment_Method in BankDetails]&quot;</td></tr></table><p class="totop"><a href="#summary">back to summary</a></p>
<h3 id="m64">cucumber.Options.RunCucumberTests#runScenario</h3><table class="result"><tr class="param"><th>Parameter #1</th><th>Parameter #2</th></tr><tr class="param stripe"><td>&quot;Validate correct message is returned when &quot;swift_code&quot; CHASUS33 matches with &quot;country_code&quot; US but not with &quot;bank_country_code&quot; &lt;Bank_country_code&gt;&quot;</td><td>&quot;Optional[Validates swift_code in BankDetails]&quot;</td></tr></table><p class="totop"><a href="#summary">back to summary</a></p>
<h3 id="m65">cucumber.Options.RunCucumberTests#runScenario</h3><table class="result"><tr class="param"><th>Parameter #1</th><th>Parameter #2</th></tr><tr class="param stripe"><td>&quot;Validates beneficiary is not added when account_number key is missing from bankdetails jsonobject&quot;</td><td>&quot;Optional[Validates Account_Number in Bank_details]&quot;</td></tr></table><p class="totop"><a href="#summary">back to summary</a></p>
<h3 id="m66">cucumber.Options.RunCucumberTests#runScenario</h3><table class="result"><tr class="param"><th>Parameter #1</th><th>Parameter #2</th></tr><tr class="param stripe"><td>&quot;Validate correct response is returned for &quot;bank_country_code&quot; US when &quot;account_name&quot; UA has valid no. of characters 2&quot;</td><td>&quot;Optional[Validates Account_Name in Bank_details]&quot;</td></tr></table><p class="totop"><a href="#summary">back to summary</a></p>
<h3 id="m67">cucumber.Options.RunCucumberTests#runScenario</h3><table class="result"><tr class="param"><th>Parameter #1</th><th>Parameter #2</th></tr><tr class="param stripe"><td>&quot;Validate correct response is returned for &quot;bank_country_code&quot; US when &quot;account_name&quot; asfsf4567w has valid no. of characters 10&quot;</td><td>&quot;Optional[Validates Account_Name in Bank_details]&quot;</td></tr></table><p class="totop"><a href="#summary">back to summary</a></p>
<h3 id="m68">cucumber.Options.RunCucumberTests#runScenario</h3><table class="result"><tr class="param"><th>Parameter #1</th><th>Parameter #2</th></tr><tr class="param stripe"><td>&quot;Validate beneficiary is sucessfully added when for &quot;bank_country_code&quot; &lt;Bank_country_code&gt; when &quot;account_number&quot; MJIKHI has valid 6 characters&quot;</td><td>&quot;Optional[Validates Account_Number in Bank_details]&quot;</td></tr></table><p class="totop"><a href="#summary">back to summary</a></p>
<h3 id="m69">cucumber.Options.RunCucumberTests#runScenario</h3><table class="result"><tr class="param"><th>Parameter #1</th><th>Parameter #2</th></tr><tr class="param stripe"><td>&quot;Validates beneficiary is not added when Bank_Country_Code value is Empty&quot;</td><td>&quot;Optional[Validates bank_country_code in BankDetails]&quot;</td></tr></table><p class="totop"><a href="#summary">back to summary</a></p>
<h3 id="m70">cucumber.Options.RunCucumberTests#runScenario</h3><table class="result"><tr class="param"><th>Parameter #1</th><th>Parameter #2</th></tr><tr class="param stripe"><td>&quot;Validate error response is returned for &quot;bank_country_code&quot; US, &quot;account_routing_type1&quot; aba when &quot;account_routing_value1&quot; 12345678 contains invalid no. of charaters&quot;</td><td>&quot;Optional[Validates Routing_type and Routing_value in BankDetails]&quot;</td></tr></table><p class="totop"><a href="#summary">back to summary</a></p>
<h3 id="m71">cucumber.Options.RunCucumberTests#runScenario</h3><table class="result"><tr class="param"><th>Parameter #1</th><th>Parameter #2</th></tr><tr class="param stripe"><td>&quot;Validate error response is returned for &quot;bank_country_code&quot; US when &quot;account_routing_type1&quot; aab has invalid characters &lt;number_of_characters&gt;&quot;</td><td>&quot;Optional[Validates Routing_type and Routing_value in BankDetails]&quot;</td></tr></table><p class="totop"><a href="#summary">back to summary</a></p>
<h3 id="m72">cucumber.Options.RunCucumberTests#runScenario</h3><table class="result"><tr class="param"><th>Parameter #1</th><th>Parameter #2</th></tr><tr class="param stripe"><td>&quot;Validates beneficiary is added when Bank_Country_Code is valid but in small case us&quot;</td><td>&quot;Optional[Validates bank_country_code in BankDetails]&quot;</td></tr></table><p class="totop"><a href="#summary">back to summary</a></p>
<h3 id="m73">cucumber.Options.RunCucumberTests#runScenario</h3><table class="result"><tr class="param"><th>Parameter #1</th><th>Parameter #2</th></tr><tr class="param stripe"><td>&quot;Validate correct response is returned for &quot;bank_country_code&quot; AU when &quot;account_name&quot; @@ has valid no. of characters 1&quot;</td><td>&quot;Optional[Validates Account_Name in Bank_details]&quot;</td></tr></table><p class="totop"><a href="#summary">back to summary</a></p>
<h3 id="m74">cucumber.Options.RunCucumberTests#runScenario</h3><table class="result"><tr class="param"><th>Parameter #1</th><th>Parameter #2</th></tr><tr class="param stripe"><td>&quot;Validate error response is returned for &quot;bank_country_code&quot; AU when &quot;account_routing_type1&quot; baa has invalid characters &lt;number_of_characters&gt;&quot;</td><td>&quot;Optional[Validates Routing_type and Routing_value in BankDetails]&quot;</td></tr></table><p class="totop"><a href="#summary">back to summary</a></p>
</body>
</html>
